<?xml version="1.0" encoding="UTF-8"?>
<testsuite xmlns:xsi="http://www.w3.org/2001/XMLSchema-instance" xsi:noNamespaceSchemaLocation="https://maven.apache.org/surefire/maven-surefire-plugin/xsd/surefire-test-report-3.0.xsd" version="3.0" name="com.cloudbees.simplejava.AppTest" time="0.033" tests="5" errors="0" skipped="0" failures="0">
  <properties>
[...]
</properties>
  <testcase name="testLocationElevation" classname="com.cloudbees.simplejava.AppTest" time="0.008"/>
  <testcase name="testLocationLat" classname="com.cloudbees.simplejava.AppTest" time="0.001"/>
  <testcase name="testAssertConstruct" classname="com.cloudbees.simplejava.AppTest" time="0.008"/>
  <testcase name="testLocationLong" classname="com.cloudbees.simplejava.AppTest" time="0"/>
  <testcase name="testAssertList" classname="com.cloudbees.simplejava.AppTest" time="0"/>
</testsuite>